# JRE version: OpenJDK Runtime Environment (17.0.11) (build 17.0.11+0--11852314)
# Java VM: OpenJDK 64-Bit Server VM (17.0.11+0--11852314, mixed mode, tiered, compressed oops, compressed class ptrs, g1 gc, windows-amd64)
GC Precious Log:
 CPUs: 8 total, 8 available
 Memory: 7975M
 Large Page Support: Disabled
 NUMA Support: Disabled
 Compressed Oops: Enabled (32-bit)
 Heap Region Size: 1M
 Heap Min Capacity: 8M
 Heap Initial Capacity: 126M
 Heap Max Capacity: 2G
 Pre-touch: Disabled
 Parallel Workers: 8
 Concurrent Workers: 2
 Concurrent Refinement Workers: 8
 Periodic GC: Disabled
Heap:
 garbage-first heap   total 191488K, used 65381K [0x0000000080000000, 0x0000000100000000)
  region size 1024K, 10 young (10240K), 2 survivors (2048K)
 Metaspace       used 72972K, committed 73536K, reserved 1114112K
  class space    used 9758K, committed 10048K, reserved 1048576K
GC Heap History (20 events):
Event: 13.717 GC heap before
{Heap before GC invocations=17 (full 0):
 garbage-first heap   total 86016K, used 44419K [0x0000000080000000, 0x0000000100000000)
  region size 1024K, 6 young (6144K), 5 survivors (5120K)
 Metaspace       used 62943K, committed 63424K, reserved 1114112K
  class space    used 8554K, committed 8768K, reserved 1048576K
}
Event: 13.721 GC heap after
{Heap after GC invocations=18 (full 0):
 garbage-first heap   total 86016K, used 43411K [0x0000000080000000, 0x0000000100000000)
  region size 1024K, 1 young (1024K), 1 survivors (1024K)
 Metaspace       used 62943K, committed 63424K, reserved 1114112K
  class space    used 8554K, committed 8768K, reserved 1048576K
}
Event: 14.177 GC heap before
{Heap before GC invocations=18 (full 0):
 garbage-first heap   total 86016K, used 65939K [0x0000000080000000, 0x0000000100000000)
  region size 1024K, 24 young (24576K), 1 survivors (1024K)
 Metaspace       used 63378K, committed 63936K, reserved 1114112K
  class space    used 8586K, committed 8832K, reserved 1048576K
}
Event: 14.182 GC heap after
{Heap after GC invocations=19 (full 0):
 garbage-first heap   total 86016K, used 45423K [0x0000000080000000, 0x0000000100000000)
  region size 1024K, 3 young (3072K), 3 survivors (3072K)
 Metaspace       used 63378K, committed 63936K, reserved 1114112K
  class space    used 8586K, committed 8832K, reserved 1048576K
}
Event: 15.410 GC heap before
{Heap before GC invocations=20 (full 0):
 garbage-first heap   total 86016K, used 73071K [0x0000000080000000, 0x0000000100000000)
  region size 1024K, 25 young (25600K), 3 survivors (3072K)
 Metaspace       used 64431K, committed 65024K, reserved 1114112K
  class space    used 8758K, committed 9024K, reserved 1048576K
}
Event: 15.415 GC heap after
{Heap after GC invocations=21 (full 0):
 garbage-first heap   total 86016K, used 56138K [0x0000000080000000, 0x0000000100000000)
  region size 1024K, 4 young (4096K), 4 survivors (4096K)
 Metaspace       used 64431K, committed 65024K, reserved 1114112K
  class space    used 8758K, committed 9024K, reserved 1048576K
}
Event: 15.495 GC heap before
{Heap before GC invocations=21 (full 0):
 garbage-first heap   total 86016K, used 56138K [0x0000000080000000, 0x0000000100000000)
  region size 1024K, 5 young (5120K), 4 survivors (4096K)
 Metaspace       used 64495K, committed 65088K, reserved 1114112K
  class space    used 8763K, committed 9024K, reserved 1048576K
}
Event: 15.497 GC heap after
{Heap after GC invocations=22 (full 0):
 garbage-first heap   total 86016K, used 56057K [0x0000000080000000, 0x0000000100000000)
  region size 1024K, 1 young (1024K), 1 survivors (1024K)
 Metaspace       used 64495K, committed 65088K, reserved 1114112K
  class space    used 8763K, committed 9024K, reserved 1048576K
}
Event: 15.777 GC heap before
{Heap before GC invocations=22 (full 0):
 garbage-first heap   total 86016K, used 62201K [0x0000000080000000, 0x0000000100000000)
  region size 1024K, 9 young (9216K), 1 survivors (1024K)
 Metaspace       used 65039K, committed 65600K, reserved 1114112K
  class space    used 8815K, committed 9088K, reserved 1048576K
}
Event: 15.779 GC heap after
{Heap after GC invocations=23 (full 0):
 garbage-first heap   total 86016K, used 56399K [0x0000000080000000, 0x0000000100000000)
  region size 1024K, 1 young (1024K), 1 survivors (1024K)
 Metaspace       used 65039K, committed 65600K, reserved 1114112K
  class space    used 8815K, committed 9088K, reserved 1048576K
}
Event: 16.217 GC heap before
{Heap before GC invocations=24 (full 0):
 garbage-first heap   total 102400K, used 68687K [0x0000000080000000, 0x0000000100000000)
  region size 1024K, 13 young (13312K), 1 survivors (1024K)
 Metaspace       used 66006K, committed 66560K, reserved 1114112K
  class space    used 8941K, committed 9216K, reserved 1048576K
}
Event: 16.218 GC heap after
{Heap after GC invocations=25 (full 0):
 garbage-first heap   total 102400K, used 57733K [0x0000000080000000, 0x0000000100000000)
  region size 1024K, 1 young (1024K), 1 survivors (1024K)
 Metaspace       used 66006K, committed 66560K, reserved 1114112K
  class space    used 8941K, committed 9216K, reserved 1048576K
}
Event: 16.349 GC heap before
{Heap before GC invocations=25 (full 0):
 garbage-first heap   total 102400K, used 60805K [0x0000000080000000, 0x0000000100000000)
  region size 1024K, 5 young (5120K), 1 survivors (1024K)
 Metaspace       used 66335K, committed 66944K, reserved 1114112K
  class space    used 8994K, committed 9280K, reserved 1048576K
}
Event: 16.351 GC heap after
{Heap after GC invocations=26 (full 0):
 garbage-first heap   total 102400K, used 56869K [0x0000000080000000, 0x0000000100000000)
  region size 1024K, 1 young (1024K), 1 survivors (1024K)
 Metaspace       used 66335K, committed 66944K, reserved 1114112K
  class space    used 8994K, committed 9280K, reserved 1048576K
}
Event: 17.238 GC heap before
{Heap before GC invocations=26 (full 0):
 garbage-first heap   total 102400K, used 81445K [0x0000000080000000, 0x0000000100000000)
  region size 1024K, 25 young (25600K), 1 survivors (1024K)
 Metaspace       used 68732K, committed 69312K, reserved 1114112K
  class space    used 9250K, committed 9536K, reserved 1048576K
}
Event: 17.239 GC heap after
{Heap after GC invocations=27 (full 0):
 garbage-first heap   total 102400K, used 57458K [0x0000000080000000, 0x0000000100000000)
  region size 1024K, 2 young (2048K), 2 survivors (2048K)
 Metaspace       used 68732K, committed 69312K, reserved 1114112K
  class space    used 9250K, committed 9536K, reserved 1048576K
}
Event: 18.110 GC heap before
{Heap before GC invocations=28 (full 0):
 garbage-first heap   total 102400K, used 82034K [0x0000000080000000, 0x0000000100000000)
  region size 1024K, 27 young (27648K), 2 survivors (2048K)
 Metaspace       used 71505K, committed 72064K, reserved 1114112K
  class space    used 9534K, committed 9792K, reserved 1048576K
}
Event: 18.113 GC heap after
{Heap after GC invocations=29 (full 0):
 garbage-first heap   total 191488K, used 58226K [0x0000000080000000, 0x0000000100000000)
  region size 1024K, 2 young (2048K), 2 survivors (2048K)
 Metaspace       used 71505K, committed 72064K, reserved 1114112K
  class space    used 9534K, committed 9792K, reserved 1048576K
}
Event: 18.331 GC heap before
{Heap before GC invocations=29 (full 0):
 garbage-first heap   total 191488K, used 65394K [0x0000000080000000, 0x0000000100000000)
  region size 1024K, 9 young (9216K), 2 survivors (2048K)
 Metaspace       used 72173K, committed 72768K, reserved 1114112K
  class space    used 9615K, committed 9920K, reserved 1048576K
}
Event: 18.334 GC heap after
{Heap after GC invocations=30 (full 0):
 garbage-first heap   total 191488K, used 58213K [0x0000000080000000, 0x0000000100000000)
  region size 1024K, 2 young (2048K), 2 survivors (2048K)
 Metaspace       used 72173K, committed 72768K, reserved 1114112K
  class space    used 9615K, committed 9920K, reserved 1048576K
}

